[debug] [2023-03-13T16:06:19.978Z] ----------------------------------------------------------------------
[debug] [2023-03-13T16:06:19.979Z] Command:       C:\Program Files\nodejs\node.exe C:\Users\itama\AppData\Roaming\npm\node_modules\firebase-tools\lib\bin\firebase.js serve --only functions -o 192.168.0.146
[debug] [2023-03-13T16:06:19.980Z] CLI Version:   11.21.0
[debug] [2023-03-13T16:06:19.980Z] Platform:      win32
[debug] [2023-03-13T16:06:19.980Z] Node Version:  v16.15.0
[debug] [2023-03-13T16:06:19.984Z] Time:          Mon Mar 13 2023 18:06:19 GMT+0200 (Israel Standard Time)
[debug] [2023-03-13T16:06:19.984Z] ----------------------------------------------------------------------
[debug] 
[debug] [2023-03-13T16:06:19.987Z] >>> [apiv2][query] GET https://firebase-public.firebaseio.com/cli.json [none]
[debug] [2023-03-13T16:06:20.050Z] > command requires scopes: ["email","openid","https://www.googleapis.com/auth/cloudplatformprojects.readonly","https://www.googleapis.com/auth/firebase","https://www.googleapis.com/auth/cloud-platform"]
[debug] [2023-03-13T16:06:20.050Z] > authorizing via signed-in user (itamarpay@gmail.com)
[debug] [2023-03-13T16:06:20.050Z] [iam] checking project mealstogo-362f3 for permissions ["firebase.projects.get"]
[debug] [2023-03-13T16:06:20.051Z] > refreshing access token with scopes: []
[debug] [2023-03-13T16:06:20.052Z] >>> [apiv2][query] POST https://www.googleapis.com/oauth2/v3/token [none]
[debug] [2023-03-13T16:06:20.052Z] >>> [apiv2][body] POST https://www.googleapis.com/oauth2/v3/token [omitted]
[debug] [2023-03-13T16:06:20.208Z] <<< [apiv2][status] POST https://www.googleapis.com/oauth2/v3/token 200
[debug] [2023-03-13T16:06:20.208Z] <<< [apiv2][body] POST https://www.googleapis.com/oauth2/v3/token [omitted]
[debug] [2023-03-13T16:06:20.215Z] >>> [apiv2][query] POST https://cloudresourcemanager.googleapis.com/v1/projects/mealstogo-362f3:testIamPermissions [none]
[debug] [2023-03-13T16:06:20.216Z] >>> [apiv2][(partial)header] POST https://cloudresourcemanager.googleapis.com/v1/projects/mealstogo-362f3:testIamPermissions x-goog-quota-user=projects/mealstogo-362f3
[debug] [2023-03-13T16:06:20.216Z] >>> [apiv2][body] POST https://cloudresourcemanager.googleapis.com/v1/projects/mealstogo-362f3:testIamPermissions {"permissions":["firebase.projects.get"]}
[debug] [2023-03-13T16:06:20.378Z] <<< [apiv2][status] GET https://firebase-public.firebaseio.com/cli.json 200
[debug] [2023-03-13T16:06:20.378Z] <<< [apiv2][body] GET https://firebase-public.firebaseio.com/cli.json {"cloudBuildErrorAfter":1594252800000,"cloudBuildWarnAfter":1590019200000,"defaultNode10After":1594252800000,"minVersion":"3.0.5","node8DeploysDisabledAfter":1613390400000,"node8RuntimeDisabledAfter":1615809600000,"node8WarnAfter":1600128000000}
[debug] [2023-03-13T16:06:21.141Z] <<< [apiv2][status] POST https://cloudresourcemanager.googleapis.com/v1/projects/mealstogo-362f3:testIamPermissions 200
[debug] [2023-03-13T16:06:21.142Z] <<< [apiv2][body] POST https://cloudresourcemanager.googleapis.com/v1/projects/mealstogo-362f3:testIamPermissions {"permissions":["firebase.projects.get"]}
[debug] [2023-03-13T16:06:21.142Z] >>> [apiv2][query] GET https://firebase.googleapis.com/v1beta1/projects/mealstogo-362f3 [none]
[debug] [2023-03-13T16:06:21.454Z] <<< [apiv2][status] GET https://firebase.googleapis.com/v1beta1/projects/mealstogo-362f3 200
[debug] [2023-03-13T16:06:21.454Z] <<< [apiv2][body] GET https://firebase.googleapis.com/v1beta1/projects/mealstogo-362f3 {"projectId":"mealstogo-362f3","projectNumber":"791921958060","displayName":"Belle","name":"projects/mealstogo-362f3","resources":{"hostingSite":"mealstogo-362f3","realtimeDatabaseInstance":"mealstogo-362f3-default-rtdb","storageBucket":"mealstogo-362f3.appspot.com","locationId":"us-central"},"state":"ACTIVE","etag":"1_36a7a2b3-5794-4c4f-819a-86b88b06fe79"}
[info] +  functions: Using node@16 from host. {"metadata":{"emulator":{"name":"functions"},"message":"Using node@16 from host."}}
[debug] [2023-03-13T16:06:21.476Z] defaultcredentials: writing to file C:\Users\itama\AppData\Roaming\firebase\itamarpay_gmail_com_application_default_credentials.json
[debug] [2023-03-13T16:06:21.477Z] Setting GAC to C:\Users\itama\AppData\Roaming\firebase\itamarpay_gmail_com_application_default_credentials.json {"metadata":{"emulator":{"name":"functions"},"message":"Setting GAC to C:\\Users\\itama\\AppData\\Roaming\\firebase\\itamarpay_gmail_com_application_default_credentials.json"}}
[debug] [2023-03-13T16:06:21.478Z] >>> [apiv2][query] GET https://firebase.googleapis.com/v1beta1/projects/mealstogo-362f3/adminSdkConfig [none]
[debug] [2023-03-13T16:06:21.787Z] <<< [apiv2][status] GET https://firebase.googleapis.com/v1beta1/projects/mealstogo-362f3/adminSdkConfig 200
[debug] [2023-03-13T16:06:21.787Z] <<< [apiv2][body] GET https://firebase.googleapis.com/v1beta1/projects/mealstogo-362f3/adminSdkConfig {"projectId":"mealstogo-362f3","databaseURL":"https://mealstogo-362f3-default-rtdb.firebaseio.com","storageBucket":"mealstogo-362f3.appspot.com","locationId":"us-central"}
[info] i  functions: Watching "C:\React\Check\Belle\functions" for Cloud Functions... {"metadata":{"emulator":{"name":"functions"},"message":"Watching \"C:\\React\\Check\\Belle\\functions\" for Cloud Functions..."}}
[debug] [2023-03-13T16:06:21.801Z] Validating nodejs source
[debug] [2023-03-13T16:06:22.882Z] > [functions] package.json contents: {
  "name": "functions",
  "description": "Cloud Functions for Firebase",
  "scripts": {
    "serve": "firebase emulators:start --only functions",
    "shell": "firebase functions:shell",
    "start": "npm run shell",
    "deploy": "firebase deploy --only functions",
    "logs": "firebase functions:log"
  },
  "engines": {
    "node": "16"
  },
  "main": "index.js",
  "dependencies": {
    "@googlemaps/google-maps-services-js": "^3.3.16",
    "firebase": "9.17.1",
    "firebase-admin": "^10.0.2",
    "firebase-functions": "^4.2.1"
  },
  "devDependencies": {
    "firebase-functions-test": "^0.2.0"
  },
  "private": true
}
[debug] [2023-03-13T16:06:22.883Z] Building nodejs source
[debug] [2023-03-13T16:06:22.884Z] Could not find functions.yaml. Must use http discovery
[debug] [2023-03-13T16:06:23.179Z] Serving at port 9005

